[
  {
    "line": 11,
    "elements": [
      {
        "line": 32,
        "name": "To make a payment with valid Payment details",
        "description": "",
        "id": "title-of-your-feature;to-make-a-payment-with-valid-payment-details;;2",
        "type": "scenario",
        "keyword": "Scenario Outline",
        "steps": [
          {
            "result": {
              "duration": 8356798207,
              "status": "passed"
            },
            "line": 16,
            "name": "User is in BDD Demo Login Page http://164.164.39.5:5002/Account/Login",
            "match": {
              "arguments": [
                {
                  "val": "http://164.164.39.5:5002/Account/Login",
                  "offset": 31
                }
              ],
              "location": "LoginStepDef.user_is_in_BDD_Demo_Login_Page(String)"
            },
            "keyword": "Given "
          },
          {
            "result": {
              "duration": 92835747,
              "status": "passed"
            },
            "line": 17,
            "name": "User enters username in BDD Demo Promantus",
            "match": {
              "arguments": [
                {
                  "val": "Promantus",
                  "offset": 33
                }
              ],
              "location": "LoginStepDef.user_enters_username_in_BDD_Demo(String)"
            },
            "keyword": "And "
          },
          {
            "result": {
              "duration": 105530764,
              "status": "passed"
            },
            "line": 18,
            "name": "user enters password  in BDD Demo bdd",
            "match": {
              "arguments": [
                {
                  "val": "bdd",
                  "offset": 34
                }
              ],
              "location": "LoginStepDef.user_enters_password_in_BDD_Demo(String)"
            },
            "keyword": "And "
          },
          {
            "result": {
              "duration": 5322580341,
              "status": "passed"
            },
            "line": 19,
            "name": "user clicks on Login button",
            "match": {
              "location": "LoginStepDef.user_clicks_on_Login_button()"
            },
            "keyword": "And "
          },
          {
            "result": {
              "duration": 971137,
              "status": "passed"
            },
            "line": 20,
            "name": "user is redirected to paybill page",
            "match": {
              "location": "MakePaymentStepDef.user_is_redirected_to_paybill_page()"
            },
            "keyword": "And "
          },
          {
            "result": {
              "duration": 84418720,
              "status": "passed"
            },
            "line": 21,
            "name": "user enters dayofpayment",
            "match": {
              "location": "MakePaymentStepDef.user_enters_dayofpayment()"
            },
            "keyword": "And "
          },
          {
            "result": {
              "duration": 5102200880,
              "status": "passed"
            },
            "line": 22,
            "name": "user enters amount",
            "match": {
              "location": "MakePaymentStepDef.user_enters_amount()"
            },
            "keyword": "And "
          },
          {
            "result": {
              "error_message": "com.kms.katalon.core.exception.StepFailedException: Unable to set text \u0027FD124\u0027 of object \u0027Object Repository/bddDemo_MakePayment/input_SwiftCode_SwiftCode\u0027 (Root cause: com.kms.katalon.core.webui.exception.WebElementNotFoundException: Web element with id: \u0027Object Repository/bddDemo_MakePayment/input_SwiftCode_SwiftCode\u0027 located by \u0027By.xpath: //input[@id\u003d\u0027SwiftCode\u0027]\u0027 not found)\r\n\tat com.kms.katalon.core.keyword.internal.KeywordMain.stepFailed(KeywordMain.groovy:36)\r\n\tat com.kms.katalon.core.webui.keyword.internal.WebUIKeywordMain.stepFailed(WebUIKeywordMain.groovy:65)\r\n\tat com.kms.katalon.core.webui.keyword.internal.WebUIKeywordMain.runKeyword(WebUIKeywordMain.groovy:27)\r\n\tat com.kms.katalon.core.webui.keyword.builtin.SetTextKeyword.setText(SetTextKeyword.groovy:65)\r\n\tat com.kms.katalon.core.webui.keyword.builtin.SetTextKeyword.execute(SetTextKeyword.groovy:37)\r\n\tat com.kms.katalon.core.keyword.internal.KeywordExecutor.executeKeywordForPlatform(KeywordExecutor.groovy:53)\r\n\tat com.kms.katalon.core.webui.keyword.WebUiBuiltInKeywords.setText(WebUiBuiltInKeywords.groovy:950)\r\n\tat com.kms.katalon.core.webui.keyword.WebUiBuiltInKeywords$setText$1.call(Unknown Source)\r\n\tat bddDemo.MakePaymentStepDef.user_enters_SwiftCode(MakePaymentStepDef.groovy:82)\r\n\tat ✽.user enters SwiftCode(C:/Users/Promantus Inc/Katalon Studio/BDDUserPayment/Include/features/MakePayment.feature:23)\r\n",
              "duration": 30484003986,
              "status": "failed"
            },
            "line": 23,
            "name": "user enters SwiftCode",
            "match": {
              "location": "MakePaymentStepDef.user_enters_SwiftCode()"
            },
            "keyword": "And "
          },
          {
            "result": {
              "status": "skipped"
            },
            "line": 24,
            "name": "user clicks on make payment",
            "match": {
              "location": "MakePaymentStepDef.user_clicks_on_make_payment()"
            },
            "keyword": "When "
          },
          {
            "result": {
              "status": "skipped"
            },
            "line": 25,
            "name": "user is redirected to otp page",
            "match": {
              "location": "MakePaymentStepDef.user_is_redirected_to_otp_page()"
            },
            "keyword": "And "
          },
          {
            "result": {
              "status": "skipped"
            },
            "line": 26,
            "name": "user enters the otp",
            "match": {
              "location": "MakePaymentStepDef.user_enters_the_otp()"
            },
            "keyword": "And "
          },
          {
            "result": {
              "status": "skipped"
            },
            "line": 27,
            "name": "user clicks on submit otp",
            "match": {
              "location": "MakePaymentStepDef.user_clicks_on_submit_otp()"
            },
            "keyword": "And "
          },
          {
            "result": {
              "status": "skipped"
            },
            "line": 28,
            "name": "user should see the payment successful page",
            "match": {
              "location": "MakePaymentStepDef.user_should_see_the_payment_successful_page()"
            },
            "keyword": "Then "
          }
        ],
        "tags": [
          {
            "name": "@FunctionalTest"
          },
          {
            "name": "@SmokeTest"
          }
        ]
      },
      {
        "line": 55,
        "name": "To make a payment with Invalid Payment details",
        "description": "",
        "id": "title-of-your-feature;to-make-a-payment-with-invalid-payment-details;;2",
        "type": "scenario",
        "keyword": "Scenario Outline",
        "steps": [
          {
            "result": {
              "duration": 7410782419,
              "status": "passed"
            },
            "line": 39,
            "name": "User is in BDD Demo Login Page http://164.164.39.5:5002/Account/Login",
            "match": {
              "arguments": [
                {
                  "val": "http://164.164.39.5:5002/Account/Login",
                  "offset": 31
                }
              ],
              "location": "LoginStepDef.user_is_in_BDD_Demo_Login_Page(String)"
            },
            "keyword": "Given "
          },
          {
            "result": {
              "duration": 52988154,
              "status": "passed"
            },
            "line": 40,
            "name": "User enters username in BDD Demo ",
            "match": {
              "arguments": [
                {
                  "val": "",
                  "offset": 33
                }
              ],
              "location": "LoginStepDef.user_enters_username_in_BDD_Demo(String)"
            },
            "keyword": "And "
          },
          {
            "result": {
              "duration": 79313830,
              "status": "passed"
            },
            "line": 41,
            "name": "user enters password  in BDD Demo bdd",
            "match": {
              "arguments": [
                {
                  "val": "bdd",
                  "offset": 34
                }
              ],
              "location": "LoginStepDef.user_enters_password_in_BDD_Demo(String)"
            },
            "keyword": "And "
          },
          {
            "result": {
              "duration": 5282242647,
              "status": "passed"
            },
            "line": 42,
            "name": "user clicks on Login button",
            "match": {
              "location": "LoginStepDef.user_clicks_on_Login_button()"
            },
            "keyword": "And "
          },
          {
            "result": {
              "duration": 873344,
              "status": "passed"
            },
            "line": 43,
            "name": "user is redirected to paybill page",
            "match": {
              "location": "MakePaymentStepDef.user_is_redirected_to_paybill_page()"
            },
            "keyword": "And "
          },
          {
            "result": {
              "error_message": "com.kms.katalon.core.exception.StepFailedException: Unable to set text \u002711/01/2019\u0027 of object \u0027Object Repository/bddDemo_MakePayment/input_DayOfPayment_DayOfPaymen\u0027 (Root cause: com.kms.katalon.core.webui.exception.WebElementNotFoundException: Web element with id: \u0027Object Repository/bddDemo_MakePayment/input_DayOfPayment_DayOfPaymen\u0027 located by \u0027By.xpath: //input[@id\u003d\u0027DayOfPayment\u0027]\u0027 not found)\r\n\tat com.kms.katalon.core.keyword.internal.KeywordMain.stepFailed(KeywordMain.groovy:36)\r\n\tat com.kms.katalon.core.webui.keyword.internal.WebUIKeywordMain.stepFailed(WebUIKeywordMain.groovy:65)\r\n\tat com.kms.katalon.core.webui.keyword.internal.WebUIKeywordMain.runKeyword(WebUIKeywordMain.groovy:27)\r\n\tat com.kms.katalon.core.webui.keyword.builtin.SetTextKeyword.setText(SetTextKeyword.groovy:65)\r\n\tat com.kms.katalon.core.webui.keyword.builtin.SetTextKeyword.execute(SetTextKeyword.groovy:37)\r\n\tat com.kms.katalon.core.keyword.internal.KeywordExecutor.executeKeywordForPlatform(KeywordExecutor.groovy:53)\r\n\tat com.kms.katalon.core.webui.keyword.WebUiBuiltInKeywords.setText(WebUiBuiltInKeywords.groovy:950)\r\n\tat com.kms.katalon.core.webui.keyword.WebUiBuiltInKeywords$setText$1.call(Unknown Source)\r\n\tat bddDemo.MakePaymentStepDef.user_enters_dayofpayment(MakePaymentStepDef.groovy:62)\r\n\tat ✽.user enters dayofpayment(C:/Users/Promantus Inc/Katalon Studio/BDDUserPayment/Include/features/MakePayment.feature:44)\r\n",
              "duration": 30460626081,
              "status": "failed"
            },
            "line": 44,
            "name": "user enters dayofpayment",
            "match": {
              "location": "MakePaymentStepDef.user_enters_dayofpayment()"
            },
            "keyword": "And "
          },
          {
            "result": {
              "status": "skipped"
            },
            "line": 45,
            "name": "user enters amount",
            "match": {
              "location": "MakePaymentStepDef.user_enters_amount()"
            },
            "keyword": "And "
          },
          {
            "result": {
              "status": "skipped"
            },
            "line": 46,
            "name": "user enters SwiftCode",
            "match": {
              "location": "MakePaymentStepDef.user_enters_SwiftCode()"
            },
            "keyword": "And "
          },
          {
            "result": {
              "status": "skipped"
            },
            "line": 47,
            "name": "user clicks on make payment",
            "match": {
              "location": "MakePaymentStepDef.user_clicks_on_make_payment()"
            },
            "keyword": "When "
          },
          {
            "result": {
              "status": "skipped"
            },
            "line": 48,
            "name": "user is redirected to otp page",
            "match": {
              "location": "MakePaymentStepDef.user_is_redirected_to_otp_page()"
            },
            "keyword": "And "
          },
          {
            "result": {
              "status": "skipped"
            },
            "line": 49,
            "name": "user enters the otp",
            "match": {
              "location": "MakePaymentStepDef.user_enters_the_otp()"
            },
            "keyword": "And "
          },
          {
            "result": {
              "status": "skipped"
            },
            "line": 50,
            "name": "user clicks on submit otp",
            "match": {
              "location": "MakePaymentStepDef.user_clicks_on_submit_otp()"
            },
            "keyword": "And "
          },
          {
            "result": {
              "status": "undefined"
            },
            "line": 51,
            "name": "user should see the validation message",
            "match": {},
            "keyword": "Then "
          }
        ],
        "tags": [
          {
            "name": "@FunctionalTest"
          },
          {
            "name": "@NegativeScenario"
          }
        ]
      },
      {
        "line": 57,
        "name": "To make a payment with Invalid Payment details",
        "description": "",
        "id": "title-of-your-feature;to-make-a-payment-with-invalid-payment-details;;3",
        "type": "scenario",
        "keyword": "Scenario Outline",
        "steps": [
          {
            "result": {
              "duration": 7685657336,
              "status": "passed"
            },
            "line": 39,
            "name": "User is in BDD Demo Login Page http://localhost:60854/Account/Login",
            "match": {
              "arguments": [
                {
                  "val": "http://localhost:60854/Account/Login",
                  "offset": 31
                }
              ],
              "location": "LoginStepDef.user_is_in_BDD_Demo_Login_Page(String)"
            },
            "keyword": "Given "
          },
          {
            "result": {
              "duration": 84581835,
              "status": "passed"
            },
            "line": 40,
            "name": "User enters username in BDD Demo Promantus",
            "match": {
              "arguments": [
                {
                  "val": "Promantus",
                  "offset": 33
                }
              ],
              "location": "LoginStepDef.user_enters_username_in_BDD_Demo(String)"
            },
            "keyword": "And "
          },
          {
            "result": {
              "duration": 205412921,
              "status": "passed"
            },
            "line": 41,
            "name": "user enters password  in BDD Demo ",
            "match": {
              "arguments": [
                {
                  "val": "",
                  "offset": 34
                }
              ],
              "location": "LoginStepDef.user_enters_password_in_BDD_Demo(String)"
            },
            "keyword": "And "
          },
          {
            "result": {
              "duration": 5260488717,
              "status": "passed"
            },
            "line": 42,
            "name": "user clicks on Login button",
            "match": {
              "location": "LoginStepDef.user_clicks_on_Login_button()"
            },
            "keyword": "And "
          },
          {
            "result": {
              "duration": 706454,
              "status": "passed"
            },
            "line": 43,
            "name": "user is redirected to paybill page",
            "match": {
              "location": "MakePaymentStepDef.user_is_redirected_to_paybill_page()"
            },
            "keyword": "And "
          },
          {
            "result": {
              "error_message": "com.kms.katalon.core.exception.StepFailedException: Unable to set text \u002711/01/2019\u0027 of object \u0027Object Repository/bddDemo_MakePayment/input_DayOfPayment_DayOfPaymen\u0027 (Root cause: com.kms.katalon.core.webui.exception.WebElementNotFoundException: Web element with id: \u0027Object Repository/bddDemo_MakePayment/input_DayOfPayment_DayOfPaymen\u0027 located by \u0027By.xpath: //input[@id\u003d\u0027DayOfPayment\u0027]\u0027 not found)\r\n\tat com.kms.katalon.core.keyword.internal.KeywordMain.stepFailed(KeywordMain.groovy:36)\r\n\tat com.kms.katalon.core.webui.keyword.internal.WebUIKeywordMain.stepFailed(WebUIKeywordMain.groovy:65)\r\n\tat com.kms.katalon.core.webui.keyword.internal.WebUIKeywordMain.runKeyword(WebUIKeywordMain.groovy:27)\r\n\tat com.kms.katalon.core.webui.keyword.builtin.SetTextKeyword.setText(SetTextKeyword.groovy:65)\r\n\tat com.kms.katalon.core.webui.keyword.builtin.SetTextKeyword.execute(SetTextKeyword.groovy:37)\r\n\tat com.kms.katalon.core.keyword.internal.KeywordExecutor.executeKeywordForPlatform(KeywordExecutor.groovy:53)\r\n\tat com.kms.katalon.core.webui.keyword.WebUiBuiltInKeywords.setText(WebUiBuiltInKeywords.groovy:950)\r\n\tat com.kms.katalon.core.webui.keyword.WebUiBuiltInKeywords$setText$1.call(Unknown Source)\r\n\tat bddDemo.MakePaymentStepDef.user_enters_dayofpayment(MakePaymentStepDef.groovy:62)\r\n\tat ✽.user enters dayofpayment(C:/Users/Promantus Inc/Katalon Studio/BDDUserPayment/Include/features/MakePayment.feature:44)\r\n",
              "duration": 30443364606,
              "status": "failed"
            },
            "line": 44,
            "name": "user enters dayofpayment",
            "match": {
              "location": "MakePaymentStepDef.user_enters_dayofpayment()"
            },
            "keyword": "And "
          },
          {
            "result": {
              "status": "skipped"
            },
            "line": 45,
            "name": "user enters amount",
            "match": {
              "location": "MakePaymentStepDef.user_enters_amount()"
            },
            "keyword": "And "
          },
          {
            "result": {
              "status": "skipped"
            },
            "line": 46,
            "name": "user enters SwiftCode",
            "match": {
              "location": "MakePaymentStepDef.user_enters_SwiftCode()"
            },
            "keyword": "And "
          },
          {
            "result": {
              "status": "skipped"
            },
            "line": 47,
            "name": "user clicks on make payment",
            "match": {
              "location": "MakePaymentStepDef.user_clicks_on_make_payment()"
            },
            "keyword": "When "
          },
          {
            "result": {
              "status": "skipped"
            },
            "line": 48,
            "name": "user is redirected to otp page",
            "match": {
              "location": "MakePaymentStepDef.user_is_redirected_to_otp_page()"
            },
            "keyword": "And "
          },
          {
            "result": {
              "status": "skipped"
            },
            "line": 49,
            "name": "user enters the otp",
            "match": {
              "location": "MakePaymentStepDef.user_enters_the_otp()"
            },
            "keyword": "And "
          },
          {
            "result": {
              "status": "skipped"
            },
            "line": 50,
            "name": "user clicks on submit otp",
            "match": {
              "location": "MakePaymentStepDef.user_clicks_on_submit_otp()"
            },
            "keyword": "And "
          },
          {
            "result": {
              "status": "undefined"
            },
            "line": 51,
            "name": "user should see the validation message",
            "match": {},
            "keyword": "Then "
          }
        ],
        "tags": [
          {
            "name": "@FunctionalTest"
          },
          {
            "name": "@NegativeScenario"
          }
        ]
      }
    ],
    "name": "Title of your feature",
    "description": "",
    "id": "title-of-your-feature",
    "keyword": "Feature",
    "uri": "C:/Users/Promantus Inc/Katalon Studio/BDDUserPayment/Include/features/MakePayment.feature",
    "tags": [
      {
        "name": "@FunctionalTest",
        "type": "Tag",
        "location": {
          "line": 10,
          "column": 1
        }
      }
    ]
  }
]